C:\USERS\JEW\DOCUMENTS\VISUAL STUDIO 2010\PROJECTS\PRIMES\DEBUG\PRIMES.EXE
C:\USERS\JEW\DOCUMENTS\VISUAL STUDIO 2010\PROJECTS\PRIMES\DEBUG\PRIMES.ILK
C:\USERS\JEW\DOCUMENTS\VISUAL STUDIO 2010\PROJECTS\PRIMES\DEBUG\PRIMES.PDB
C:\USERS\JEW\DOCUMENTS\VISUAL STUDIO 2010\PROJECTS\PRIMES\PRIMES\DEBUG\PRIMES.EXE.EMBED.MANIFEST
C:\USERS\JEW\DOCUMENTS\VISUAL STUDIO 2010\PROJECTS\PRIMES\PRIMES\DEBUG\PRIMES.EXE.EMBED.MANIFEST.RES
C:\USERS\JEW\DOCUMENTS\VISUAL STUDIO 2010\PROJECTS\PRIMES\PRIMES\DEBUG\PRIMES.EXE.INTERMEDIATE.MANIFEST
C:\USERS\JEW\DOCUMENTS\VISUAL STUDIO 2010\PROJECTS\PRIMES\PRIMES\DEBUG\PRIMES.OBJ
C:\USERS\JEW\DOCUMENTS\VISUAL STUDIO 2010\PROJECTS\PRIMES\PRIMES\DEBUG\PRIMES.PCH
C:\USERS\JEW\DOCUMENTS\VISUAL STUDIO 2010\PROJECTS\PRIMES\PRIMES\DEBUG\STDAFX.OBJ
C:\USERS\JEW\DOCUMENTS\VISUAL STUDIO 2010\PROJECTS\PRIMES\PRIMES\DEBUG\VC100.PDB
D:\Docs\college\ece3055\primes\Debug\primes.exe
D:\Docs\college\ece3055\primes\Debug\primes.ilk
D:\Docs\college\ece3055\primes\Debug\primes.pdb
D:\Docs\college\ece3055\primes\primes\Debug\cl.command.1.tlog
D:\Docs\college\ece3055\primes\primes\Debug\CL.read.1.tlog
D:\Docs\college\ece3055\primes\primes\Debug\CL.write.1.tlog
D:\Docs\college\ece3055\primes\primes\Debug\link.680.read.1.tlog
D:\Docs\college\ece3055\primes\primes\Debug\link.680.write.1.tlog
D:\Docs\college\ece3055\primes\primes\Debug\link.680-cvtres.read.1.tlog
D:\Docs\college\ece3055\primes\primes\Debug\link.680-cvtres.write.1.tlog
D:\Docs\college\ece3055\primes\primes\Debug\link.7196.read.1.tlog
D:\Docs\college\ece3055\primes\primes\Debug\link.7196.write.1.tlog
D:\Docs\college\ece3055\primes\primes\Debug\link.7196-cvtres.read.1.tlog
D:\Docs\college\ece3055\primes\primes\Debug\link.7196-cvtres.write.1.tlog
D:\Docs\college\ece3055\primes\primes\Debug\link.8428.read.1.tlog
D:\Docs\college\ece3055\primes\primes\Debug\link.8428.write.1.tlog
D:\Docs\college\ece3055\primes\primes\Debug\link.8428-cvtres.read.1.tlog
D:\Docs\college\ece3055\primes\primes\Debug\link.8428-cvtres.write.1.tlog
D:\Docs\college\ece3055\primes\primes\Debug\link.command.1.tlog
D:\Docs\college\ece3055\primes\primes\Debug\link.read.1.tlog
D:\Docs\college\ece3055\primes\primes\Debug\link.write.1.tlog
D:\Docs\college\ece3055\primes\primes\Debug\link-cvtres.read.1.tlog
D:\Docs\college\ece3055\primes\primes\Debug\link-cvtres.write.1.tlog
D:\Docs\college\ece3055\primes\primes\Debug\mt.command.1.tlog
D:\Docs\college\ece3055\primes\primes\Debug\mt.read.1.tlog
D:\Docs\college\ece3055\primes\primes\Debug\mt.write.1.tlog
D:\Docs\college\ece3055\primes\primes\Debug\primes.exe.embed.manifest
D:\Docs\college\ece3055\primes\primes\Debug\primes.exe.embed.manifest.res
D:\Docs\college\ece3055\primes\primes\Debug\primes.exe.intermediate.manifest
D:\Docs\college\ece3055\primes\primes\Debug\primes.obj
D:\Docs\college\ece3055\primes\primes\Debug\primes.pch
D:\Docs\college\ece3055\primes\primes\Debug\primes_manifest.rc
D:\Docs\college\ece3055\primes\primes\Debug\rc.command.1.tlog
D:\Docs\college\ece3055\primes\primes\Debug\rc.read.1.tlog
D:\Docs\college\ece3055\primes\primes\Debug\rc.write.1.tlog
D:\Docs\college\ece3055\primes\primes\Debug\stdafx.obj
D:\Docs\college\ece3055\primes\primes\Debug\vc100.idb
D:\Docs\college\ece3055\primes\primes\Debug\vc100.pdb
F:\ECE3055\PRIMES\DEBUG\PRIMES.EXE
F:\ECE3055\PRIMES\DEBUG\PRIMES.ILK
F:\ECE3055\PRIMES\DEBUG\PRIMES.PDB
F:\ECE3055\PRIMES\PRIMES\DEBUG\PRIMES.EXE.EMBED.MANIFEST.RES
F:\ECE3055\PRIMES\PRIMES\DEBUG\PRIMES.EXE.INTERMEDIATE.MANIFEST
F:\ECE3055\PRIMES\PRIMES\DEBUG\PRIMES.OBJ
F:\ECE3055\PRIMES\PRIMES\DEBUG\PRIMES.PCH
F:\ECE3055\PRIMES\PRIMES\DEBUG\STDAFX.OBJ
F:\ECE3055\PRIMES\PRIMES\DEBUG\VC100.PDB
